*** Starting uWSGI 2.0.19.1 (64bit) on [Tue Mar 30 17:04:14 2021] ***
compiled with version: 4.8.5 20150623 (Red Hat 4.8.5-44) on 26 March 2021 05:50:09
os: Linux-3.10.0-862.el7.x86_64 #1 SMP Fri Apr 20 16:44:24 UTC 2018
nodename: dslite-nsb-com
machine: x86_64
clock source: unix
pcre jit disabled
detected number of CPU cores: 4
current working directory: /root/WebServer/Nboss
writing pidfile to /root/WebServer/Nboss//uwsgi.pid
detected binary path: /usr/local/bin/uwsgi
*** WARNING: you are running uWSGI as root !!! (use the --uid flag) *** 
chdir() to /root/WebServer/Nboss/
your processes number limit is 65535
your memory page size is 4096 bytes
detected max file descriptor number: 999999
lock engine: pthread robust mutexes
thunder lock: disabled (you can enable it with --thunder-lock)
uWSGI http bound on :8000 fd 3
uwsgi socket 0 bound to TCP address 0.0.0.0:8001 fd 6
*** WARNING: you are running uWSGI as root !!! (use the --uid flag) *** 
Python version: 3.7.0 (default, Mar 26 2021, 13:12:46)  [GCC 4.8.5 20150623 (Red Hat 4.8.5-44)]
Set PythonHome to /usr/local/lib
Fatal Python error: initfsencoding: unable to load the file system codec
ModuleNotFoundError: No module named 'encodings'

Current thread 0x00007f19a7f80780 (most recent call first):
